<?xml version="1.0" encoding="UTF-8"?>
<!-- Generated by org.testng.reporters.JUnitReportReporter -->
<testsuite hostname="Vertis-PC" name="AntPackage.AntTest" tests="1" failures="0" timestamp="26 Mar 2014 07:55:53 GMT" time="0.194" errors="0">
  <testcase name="testTitle" time="0.194" classname="AntPackage.AntTest"/>
</testsuite> <!-- AntPackage.AntTest -->
